<?xml version="1.0" encoding="UTF-8"?>
<testsuite xmlns:xsi="http://www.w3.org/2001/XMLSchema-instance" xsi:noNamespaceSchemaLocation="https://maven.apache.org/surefire/maven-surefire-plugin/xsd/surefire-test-report.xsd" version="3.0.2" name="com.ilp2_ella_behan.DistanceToTest" time="1.055" tests="10" errors="0" skipped="0" failures="0">
  <properties>
[...]
</properties>
  <testcase name="distanceTo_statusCode_nullLat" classname="com.ilp2_ella_behan.DistanceToTest" time="0.094">
    <system-out><![CDATA[2026-01-12T20:31:07.847Z  INFO 22100 --- [ilp2_ella_behan] [           main] t.c.s.AnnotationConfigContextLoaderUtils : Could not detect default configuration classes for test class [com.ilp2_ella_behan.DistanceToTest]: DistanceToTest does not declare any static, non-private, non-final, nested classes annotated with @Configuration.
2026-01-12T20:31:07.863Z  INFO 22100 --- [ilp2_ella_behan] [           main] .b.t.c.SpringBootTestContextBootstrapper : Found @SpringBootConfiguration com.ilp2_ella_behan.Ilp2EllaBehanApplication for test class com.ilp2_ella_behan.DistanceToTest

  .   ____          _            __ _ _
 /\\ / ___'_ __ _ _(_)_ __  __ _ \ \ \ \
( ( )\___ | '_ | '_| | '_ \/ _` | \ \ \ \
 \\/  ___)| |_)| | | | | || (_| |  ) ) ) )
  '  |____| .__|_| |_|_| |_\__, | / / / /
 =========|_|==============|___/=/_/_/_/

 :: Spring Boot ::                (v3.5.6)

2026-01-12T20:31:07.919Z  INFO 22100 --- [ilp2_ella_behan] [           main] com.ilp2_ella_behan.DistanceToTest       : Starting DistanceToTest using Java 21.0.1 with PID 22100 (started by ellam in C:\Users\ellam\OneDrive\Documents\software testing\software_testing)
2026-01-12T20:31:07.920Z  INFO 22100 --- [ilp2_ella_behan] [           main] com.ilp2_ella_behan.DistanceToTest       : No active profile set, falling back to 1 default profile: "default"
2026-01-12T20:31:08.318Z  INFO 22100 --- [ilp2_ella_behan] [           main] o.s.b.w.embedded.tomcat.TomcatWebServer  : Tomcat initialized with port 0 (http)
2026-01-12T20:31:08.319Z  INFO 22100 --- [ilp2_ella_behan] [           main] o.apache.catalina.core.StandardService   : Starting service [Tomcat]
2026-01-12T20:31:08.319Z  INFO 22100 --- [ilp2_ella_behan] [           main] o.apache.catalina.core.StandardEngine    : Starting Servlet engine: [Apache Tomcat/10.1.46]
2026-01-12T20:31:08.346Z  INFO 22100 --- [ilp2_ella_behan] [           main] o.a.c.c.C.[Tomcat-1].[localhost].[/]     : Initializing Spring embedded WebApplicationContext
2026-01-12T20:31:08.346Z  INFO 22100 --- [ilp2_ella_behan] [           main] w.s.c.ServletWebServerApplicationContext : Root WebApplicationContext: initialization completed in 423 ms
2026-01-12T20:31:08.510Z  INFO 22100 --- [ilp2_ella_behan] [           main] o.a.c.c.C.[Tomcat-1].[localhost].[/]     : Initializing Spring TestDispatcherServlet ''
2026-01-12T20:31:08.510Z  INFO 22100 --- [ilp2_ella_behan] [           main] o.s.t.web.servlet.TestDispatcherServlet  : Initializing Servlet ''
2026-01-12T20:31:08.513Z  INFO 22100 --- [ilp2_ella_behan] [           main] o.s.b.a.e.web.EndpointLinksResolver      : Exposing 2 endpoints beneath base path '/actuator'
2026-01-12T20:31:08.515Z  INFO 22100 --- [ilp2_ella_behan] [           main] o.s.t.web.servlet.TestDispatcherServlet  : Completed initialization in 5 ms
2026-01-12T20:31:08.546Z  INFO 22100 --- [ilp2_ella_behan] [           main] o.s.b.w.embedded.tomcat.TomcatWebServer  : Tomcat started on port 49688 (http) with context path '/'
2026-01-12T20:31:08.553Z  INFO 22100 --- [ilp2_ella_behan] [           main] com.ilp2_ella_behan.DistanceToTest       : Started DistanceToTest in 0.678 seconds (process running for 7.058)
2026-01-12T20:31:08.597Z  INFO 22100 --- [ilp2_ella_behan] [o-auto-2-exec-2] o.a.c.c.C.[Tomcat-1].[localhost].[/]     : Initializing Spring DispatcherServlet 'dispatcherServlet'
2026-01-12T20:31:08.598Z  INFO 22100 --- [ilp2_ella_behan] [o-auto-2-exec-2] o.s.web.servlet.DispatcherServlet        : Initializing Servlet 'dispatcherServlet'
2026-01-12T20:31:08.599Z  INFO 22100 --- [ilp2_ella_behan] [o-auto-2-exec-2] o.s.web.servlet.DispatcherServlet        : Completed initialization in 1 ms
]]></system-out>
  </testcase>
  <testcase name="distanceTo_statusCode_nullLng" classname="com.ilp2_ella_behan.DistanceToTest" time="0.017"/>
  <testcase name="distanceTo_statusCode_badSyntax" classname="com.ilp2_ella_behan.DistanceToTest" time="0.054">
    <system-out><![CDATA[2026-01-12T20:31:08.719Z  WARN 22100 --- [ilp2_ella_behan] [           main] .w.s.m.s.DefaultHandlerExceptionResolver : Resolved [org.springframework.http.converter.HttpMessageNotReadableException: JSON parse error: Unexpected end-of-input: expected close marker for Object (start marker at [Source: REDACTED (`StreamReadFeature.INCLUDE_SOURCE_IN_LOCATION` disabled); line: 1, column: 1])]
]]></system-out>
  </testcase>
  <testcase name="distanceTo_statusCode_correctSyntax" classname="com.ilp2_ella_behan.DistanceToTest" time="0.015"/>
  <testcase name="distanceTo_output_correctSyntax" classname="com.ilp2_ella_behan.DistanceToTest" time="0.011"/>
  <testcase name="distanceTo_statusCode_nullRequest" classname="com.ilp2_ella_behan.DistanceToTest" time="0.016"/>
  <testcase name="distanceTo_statusCode_correct" classname="com.ilp2_ella_behan.DistanceToTest" time="0.012"/>
  <testcase name="distanceTo_output_correct" classname="com.ilp2_ella_behan.DistanceToTest" time="0.014"/>
  <testcase name="distanceTo_statusCode_missingP1" classname="com.ilp2_ella_behan.DistanceToTest" time="0.017"/>
  <testcase name="distanceTo_statusCode_missingP2" classname="com.ilp2_ella_behan.DistanceToTest" time="0.015"/>
</testsuite>